--- 2025-08-06 14:21:32 --- Raw Input:
{"name":"Nisarg Trivedi","phone":"6353338618","email":"a@gmail.com","state":"Gujarat","state_id":"12","city":"Adityana","city_id":"781","message":"wdwdw","brand_id":"7"}
Decoded Data (Success):
Array
(
    [name] => Nisarg Trivedi
    [phone] => 6353338618
    [email] => a@gmail.com
    [state] => Gujarat
    [state_id] => 12
    [city] => Adityana
    [city_id] => 781
    [message] => wdwdw
    [brand_id] => 7
)

--- 2025-08-06 14:22:06 --- Raw Input:
{"name":"Nisarg Trivedi","phone":"6353338618","email":"a@gmail.com","state":"Gujarat","state_id":"12","city":"Adityana","city_id":"781","message":"wdwdw","brand_id":"7"}
Decoded Data (Success):
Array
(
    [name] => Nisarg Trivedi
    [phone] => 6353338618
    [email] => a@gmail.com
    [state] => Gujarat
    [state_id] => 12
    [city] => Adityana
    [city_id] => 781
    [message] => wdwdw
    [brand_id] => 7
)

--- 2025-08-06 14:22:42 --- Raw Input:
{"name":"Nisarg Trivedi","phone":"6353338618","email":"a@gmail.com","state":"Gujarat","state_id":"12","city":"Ahmedabad","city_id":"783","message":"addsds","brand_id":"7"}
Decoded Data (Success):
Array
(
    [name] => Nisarg Trivedi
    [phone] => 6353338618
    [email] => a@gmail.com
    [state] => Gujarat
    [state_id] => 12
    [city] => Ahmedabad
    [city_id] => 783
    [message] => addsds
    [brand_id] => 7
)

--- 2025-08-06 14:23:13 --- Raw Input:
{"name":"Nisarg Trivedi","phone":"6353338618","email":"a@gmail.com","state":"Gujarat","state_id":"12","city":"Ahmedabad","city_id":"783","message":"addsds","brand_id":"7"}
Decoded Data (Success):
Array
(
    [name] => Nisarg Trivedi
    [phone] => 6353338618
    [email] => a@gmail.com
    [state] => Gujarat
    [state_id] => 12
    [city] => Ahmedabad
    [city_id] => 783
    [message] => addsds
    [brand_id] => 7
)

--- 2025-08-06 14:25:24 --- Raw Input:
{"name":"Nisarg Trivedi","phone":"6353338618","email":"a@gmail.com","state":"Gujarat","state_id":"12","city":"Ahmedabad","city_id":"783","message":"addsds","brand_id":"7"}
Decoded Data (Success):
Array
(
    [name] => Nisarg Trivedi
    [phone] => 6353338618
    [email] => a@gmail.com
    [state] => Gujarat
    [state_id] => 12
    [city] => Ahmedabad
    [city_id] => 783
    [message] => addsds
    [brand_id] => 7
)

--- 2025-08-06 14:28:29 --- Raw Input:
{"name":"Nisarg Trivedi","phone":"6353338618","email":"a@gmail.com","state":"Gujarat","state_id":"12","city":"Adityana","city_id":"781","message":"wdwdw","brand_id":"1"}
Decoded Data (Success):
Array
(
    [name] => Nisarg Trivedi
    [phone] => 6353338618
    [email] => a@gmail.com
    [state] => Gujarat
    [state_id] => 12
    [city] => Adityana
    [city_id] => 781
    [message] => wdwdw
    [brand_id] => 1
)

--- 2025-08-06 16:00:16 --- Raw Input:
{"name":"Nisarg Trivedi","phone":"6353338618","email":"a@gmail.com","state":"Gujarat","state_id":"12","city":"Ahmedabad","city_id":"783","message":"addsds","brand_id":"2"}
Decoded Data (Success):
Array
(
    [name] => Nisarg Trivedi
    [phone] => 6353338618
    [email] => a@gmail.com
    [state] => Gujarat
    [state_id] => 12
    [city] => Ahmedabad
    [city_id] => 783
    [message] => addsds
    [brand_id] => 2
)

--- 2025-08-08 08:43:09 --- Raw Input:
{"name":"Nisarg Trivedi","phone":"6353338618","email":"a@gmail.com","state":"Gujarat","state_id":"12","city":"Adityana","city_id":"781","message":"wdwdw","brand_id":"4"}
Decoded Data (Success):
Array
(
    [name] => Nisarg Trivedi
    [phone] => 6353338618
    [email] => a@gmail.com
    [state] => Gujarat
    [state_id] => 12
    [city] => Adityana
    [city_id] => 781
    [message] => wdwdw
    [brand_id] => 4
)

